phone/build/intermediates/manifest_merge_blame_file/debug/manifest-merger-blame-debug-report.txt
1<?xml version="1.0" encoding="utf-8"?>
2<manifest xmlns:android="http://schemas.android.com/apk/res/android"
3    package="org.chibidon"
4    android:versionCode="1"
5    android:versionName="0.1.0" >
6
7    <uses-sdk
8        android:minSdkVersion="26"
9        android:targetSdkVersion="34" />
10
11    <uses-permission android:name="android.permission.INTERNET" />
11-->src/main/AndroidManifest.xml:4:2-64
11-->src/main/AndroidManifest.xml:4:19-61
12
13    <application
13-->src/main/AndroidManifest.xml:6:2-28:16
14        android:allowBackup="true"
14-->src/main/AndroidManifest.xml:7:3-29
15        android:appComponentFactory="androidx.core.app.CoreComponentFactory"
15-->[androidx.core:core:1.2.0] AndroidManifest.xml:24:18-86
16        android:debuggable="true"
17        android:extractNativeLibs="false"
18        android:label="@string/app_name"
18-->src/main/AndroidManifest.xml:8:3-35
19        android:supportsRtl="true"
19-->src/main/AndroidManifest.xml:9:3-29
20        android:theme="@android:style/Theme.Material.Light.NoActionBar" >
20-->src/main/AndroidManifest.xml:10:3-66
21        <activity
21-->src/main/AndroidManifest.xml:12:3-26:14
22            android:name="org.chibidon.phone.AuthCallbackActivity"
22-->src/main/AndroidManifest.xml:13:4-40
23            android:exported="true"
23-->src/main/AndroidManifest.xml:14:4-27
24            android:launchMode="singleTask"
24-->src/main/AndroidManifest.xml:16:4-35
25            android:taskAffinity=""
25-->src/main/AndroidManifest.xml:15:4-27
26            android:theme="@android:style/Theme.Translucent.NoTitleBar" >
26-->src/main/AndroidManifest.xml:17:4-63
27            <intent-filter>
27-->src/main/AndroidManifest.xml:18:4-25:20
28                <action android:name="android.intent.action.VIEW" />
28-->src/main/AndroidManifest.xml:19:5-57
28-->src/main/AndroidManifest.xml:19:13-54
29
30                <category android:name="android.intent.category.DEFAULT" />
30-->src/main/AndroidManifest.xml:20:5-64
30-->src/main/AndroidManifest.xml:20:15-61
31                <category android:name="android.intent.category.BROWSABLE" />
31-->src/main/AndroidManifest.xml:21:5-66
31-->src/main/AndroidManifest.xml:21:15-63
32
33                <data
33-->src/main/AndroidManifest.xml:22:5-24:32
34                    android:host="callback"
34-->src/main/AndroidManifest.xml:24:6-29
35                    android:scheme="chibidon" />
35-->src/main/AndroidManifest.xml:23:6-31
36            </intent-filter>
37        </activity>
38        <activity
38-->[com.google.android.gms:play-services-base:18.0.1] AndroidManifest.xml:20:9-22:45
39            android:name="com.google.android.gms.common.api.GoogleApiActivity"
39-->[com.google.android.gms:play-services-base:18.0.1] AndroidManifest.xml:20:19-85
40            android:exported="false"
40-->[com.google.android.gms:play-services-base:18.0.1] AndroidManifest.xml:22:19-43
41            android:theme="@android:style/Theme.Translucent.NoTitleBar" />
41-->[com.google.android.gms:play-services-base:18.0.1] AndroidManifest.xml:21:19-78
42
43        <meta-data
43-->[com.google.android.gms:play-services-basement:18.0.0] AndroidManifest.xml:21:9-23:69
44            android:name="com.google.android.gms.version"
44-->[com.google.android.gms:play-services-basement:18.0.0] AndroidManifest.xml:22:13-58
45            android:value="@integer/google_play_services_version" />
45-->[com.google.android.gms:play-services-basement:18.0.0] AndroidManifest.xml:23:13-66
46    </application>
47
48</manifest>